[    22.283] (WW) Failed to open protocol names file lib/xorg/protocol.txt
[    22.285] 
X.Org X Server 1.20.10
X Protocol Version 11, Revision 0
[    22.286] Build Operating System: Linux Arch Linux
[    22.286] Current Operating System: Linux fluki 5.11.2-arch1-1 #1 SMP PREEMPT Fri, 26 Feb 2021 18:26:41 +0000 x86_64
[    22.286] Kernel command line: BOOT_IMAGE=/boot/vmlinuz-linux root=UUID=c83b4d08-a113-4ceb-b834-e09e00c57d0e rw loglevel=3 quiet
[    22.287] Build Date: 14 December 2020  12:10:29PM
[    22.287]  
[    22.287] Current version of pixman: 0.40.0
[    22.288] 	Before reporting problems, check http://wiki.x.org
	to make sure that you have the latest version.
[    22.288] Markers: (--) probed, (**) from config file, (==) default setting,
	(++) from command line, (!!) notice, (II) informational,
	(WW) warning, (EE) error, (NI) not implemented, (??) unknown.
[    22.290] (==) Log file: "/home/fluki/.local/share/xorg/Xorg.0.log", Time: Tue Mar  2 13:20:11 2021
[    22.356] (==) Using system config directory "/usr/share/X11/xorg.conf.d"
[    22.372] (==) No Layout section.  Using the first Screen section.
[    22.372] (==) No screen section available. Using defaults.
[    22.372] (**) |-->Screen "Default Screen Section" (0)
[    22.373] (**) |   |-->Monitor "<default monitor>"
[    22.374] (==) No monitor specified for screen "Default Screen Section".
	Using a default monitor configuration.
[    22.374] (==) Automatically adding devices
[    22.374] (==) Automatically enabling devices
[    22.374] (==) Automatically adding GPU devices
[    22.374] (==) Automatically binding GPU devices
[    22.374] (==) Max clients allowed: 256, resource mask: 0x1fffff
[    22.402] (WW) The directory "/usr/share/fonts/misc" does not exist.
[    22.402] 	Entry deleted from font path.
[    22.424] (WW) The directory "/usr/share/fonts/Type1" does not exist.
[    22.424] 	Entry deleted from font path.
[    22.455] (==) FontPath set to:
	/usr/share/fonts/TTF,
	/usr/share/fonts/OTF,
	/usr/share/fonts/100dpi,
	/usr/share/fonts/75dpi
[    22.455] (==) ModulePath set to "/usr/lib/xorg/modules"
[    22.455] (II) The server relies on udev to provide the list of input devices.
	If no devices become available, reconfigure udev or disable AutoAddDevices.
[    22.455] (II) Module ABI versions:
[    22.456] 	X.Org ANSI C Emulation: 0.4
[    22.456] 	X.Org Video Driver: 24.1
[    22.456] 	X.Org XInput driver : 24.1
[    22.456] 	X.Org Server Extension : 10.0
[    22.459] (++) using VT number 1

[    22.470] (II) systemd-logind: took control of session /org/freedesktop/login1/session/_31
[    22.473] (II) xfree86: Adding drm device (/dev/dri/card0)
[    22.477] (II) systemd-logind: got fd for /dev/dri/card0 226:0 fd 10 paused 0
[    22.492] (--) PCI:*(0@0:2:0) 8086:a011:1043:83ac rev 0, Mem @ 0xf7e00000/524288, 0xd0000000/268435456, 0xf7d00000/1048576, I/O @ 0x0000dc00/8, BIOS @ 0x????????/131072
[    22.492] (--) PCI: (0@0:2:1) 8086:a012:1043:83ac rev 0, Mem @ 0xf7e80000/524288
[    22.492] (WW) Open ACPI failed (/var/run/acpid.socket) (No such file or directory)
[    22.492] (II) LoadModule: "glx"
[    22.499] (II) Loading /usr/lib/xorg/modules/extensions/libglx.so
[    22.623] (II) Module glx: vendor="X.Org Foundation"
[    22.623] 	compiled for 1.20.10, module version = 1.0.0
[    22.623] 	ABI class: X.Org Server Extension, version 10.0
[    22.623] (==) Matched intel as autoconfigured driver 0
[    22.623] (==) Matched modesetting as autoconfigured driver 1
[    22.624] (==) Matched fbdev as autoconfigured driver 2
[    22.624] (==) Matched vesa as autoconfigured driver 3
[    22.624] (==) Assigned the driver to the xf86ConfigLayout
[    22.624] (II) LoadModule: "intel"
[    22.630] (II) Loading /usr/lib/xorg/modules/drivers/intel_drv.so
[    22.709] (II) Module intel: vendor="X.Org Foundation"
[    22.710] 	compiled for 1.20.10, module version = 2.99.917
[    22.710] 	Module class: X.Org Video Driver
[    22.710] 	ABI class: X.Org Video Driver, version 24.1
[    22.710] (II) LoadModule: "modesetting"
[    22.711] (II) Loading /usr/lib/xorg/modules/drivers/modesetting_drv.so
[    22.748] (II) Module modesetting: vendor="X.Org Foundation"
[    22.748] 	compiled for 1.20.10, module version = 1.20.10
[    22.748] 	Module class: X.Org Video Driver
[    22.749] 	ABI class: X.Org Video Driver, version 24.1
[    22.749] (II) LoadModule: "fbdev"
[    22.750] (WW) Warning, couldn't open module fbdev
[    22.750] (EE) Failed to load module "fbdev" (module does not exist, 0)
[    22.750] (II) LoadModule: "vesa"
[    22.751] (II) Loading /usr/lib/xorg/modules/drivers/vesa_drv.so
[    22.765] (II) Module vesa: vendor="X.Org Foundation"
[    22.765] 	compiled for 1.20.9, module version = 2.5.0
[    22.765] 	Module class: X.Org Video Driver
[    22.766] 	ABI class: X.Org Video Driver, version 24.1
[    22.766] (II) intel: Driver for Intel(R) Integrated Graphics Chipsets:
	i810, i810-dc100, i810e, i815, i830M, 845G, 854, 852GM/855GM, 865G,
	915G, E7221 (i915), 915GM, 945G, 945GM, 945GME, Pineview GM,
	Pineview G, 965G, G35, 965Q, 946GZ, 965GM, 965GME/GLE, G33, Q35, Q33,
	GM45, 4 Series, G45/G43, Q45/Q43, G41, B43
[    22.768] (II) intel: Driver for Intel(R) HD Graphics
[    22.768] (II) intel: Driver for Intel(R) Iris(TM) Graphics
[    22.768] (II) intel: Driver for Intel(R) Iris(TM) Pro Graphics
[    22.768] (II) modesetting: Driver for Modesetting Kernel Drivers: kms
[    22.769] (II) VESA: driver for VESA chipsets: vesa
[    22.769] xf86EnableIOPorts: failed to set IOPL for I/O (Operation not permitted)
[    22.780] (II) intel(0): Using Kernel Mode Setting driver: i915, version 1.6.0 20201103
[    22.780] (II) intel(0): SNA compiled from 2.99.917-916-g31486f40
[    22.805] (WW) Falling back to old probe method for modesetting
[    22.806] (WW) VGA arbiter: cannot open kernel arbiter, no multi-card support
[    22.817] (--) intel(0): Integrated Graphics Chipset: Intel(R) Pineview GM
[    22.818] (--) intel(0): CPU: x86-64, sse2, sse3, ssse3; using a maximum of 1 threads
[    22.818] (II) intel(0): Creating default Display subsection in Screen section
	"Default Screen Section" for depth/fbbpp 24/32
[    22.818] (==) intel(0): Depth 24, (--) framebuffer bpp 32
[    22.818] (==) intel(0): RGB weight 888
[    22.818] (==) intel(0): Default visual is TrueColor
[    22.836] (II) intel(0): Output LVDS1 has no monitor section
[    22.841] (**) intel(0): Found backlight control interface intel_backlight (type 'raw') for output LVDS1
[    22.841] (II) intel(0): Enabled output LVDS1
[    22.841] (II) intel(0): Output VGA1 has no monitor section
[    22.842] (II) intel(0): Enabled output VGA1
[    22.842] (--) intel(0): Using a maximum size of 256x256 for hardware cursors
[    22.843] (II) intel(0): Output VIRTUAL1 has no monitor section
[    22.843] (II) intel(0): Enabled output VIRTUAL1
[    22.844] (--) intel(0): Output LVDS1 using initial mode 1024x600 on pipe 1
[    22.844] (==) intel(0): TearFree disabled
[    22.844] (==) intel(0): Using gamma correction (1.0, 1.0, 1.0)
[    22.844] (==) intel(0): DPI set to (96, 96)
[    22.844] (II) Loading sub module "dri3"
[    22.845] (II) LoadModule: "dri3"
[    22.845] (II) Module "dri3" already built-in
[    22.845] (II) Loading sub module "dri2"
[    22.845] (II) LoadModule: "dri2"
[    22.845] (II) Module "dri2" already built-in
[    22.845] (II) Loading sub module "present"
[    22.845] (II) LoadModule: "present"
[    22.845] (II) Module "present" already built-in
[    22.845] (II) UnloadModule: "modesetting"
[    22.845] (II) Unloading modesetting
[    22.846] (II) UnloadModule: "vesa"
[    22.846] (II) Unloading vesa
[    22.865] (II) intel(0): SNA initialized with Alviso (gen3) backend
[    22.866] (==) intel(0): Backing store enabled
[    22.866] (==) intel(0): Silken mouse disabled
[    22.866] (II) intel(0): HW Cursor enabled
[    22.868] (==) intel(0): DPMS enabled
[    22.869] (==) intel(0): Display hotplug detection enabled
[    22.884] (II) intel(0): [XvMC] i915_xvmc driver initialized.
[    22.884] (II) intel(0): [DRI2] Setup complete
[    22.884] (II) intel(0): [DRI2]   DRI driver: i915
[    22.884] (II) intel(0): [DRI2]   VDPAU driver: va_gl
[    22.884] (II) intel(0): direct rendering: DRI2 enabled
[    22.884] (II) intel(0): hardware support for Present enabled
[    22.884] (II) Initializing extension Generic Event Extension
[    22.884] (II) Initializing extension SHAPE
[    22.884] (II) Initializing extension MIT-SHM
[    22.885] (II) Initializing extension XInputExtension
[    22.886] (II) Initializing extension XTEST
[    22.886] (II) Initializing extension BIG-REQUESTS
[    22.886] (II) Initializing extension SYNC
[    22.886] (II) Initializing extension XKEYBOARD
[    22.886] (II) Initializing extension XC-MISC
[    22.886] (II) Initializing extension SECURITY
[    22.886] (II) Initializing extension XFIXES
[    22.887] (II) Initializing extension RENDER
[    22.887] (II) Initializing extension RANDR
[    22.887] (II) Initializing extension COMPOSITE
[    22.887] (II) Initializing extension DAMAGE
[    22.887] (II) Initializing extension MIT-SCREEN-SAVER
[    22.887] (II) Initializing extension DOUBLE-BUFFER
[    22.887] (II) Initializing extension RECORD
[    22.887] (II) Initializing extension DPMS
[    22.887] (II) Initializing extension Present
[    22.887] (II) Initializing extension DRI3
[    22.887] (II) Initializing extension X-Resource
[    22.887] (II) Initializing extension XVideo
[    22.888] (II) Initializing extension XVideo-MotionCompensation
[    22.888] (II) Initializing extension GLX
[    23.354] (II) AIGLX: Loaded and initialized i915
[    23.355] (II) GLX: Initialized DRI2 GL provider for screen 0
[    23.355] (II) Initializing extension XFree86-VidModeExtension
[    23.355] (II) Initializing extension XFree86-DGA
[    23.355] (II) Initializing extension XFree86-DRI
[    23.355] (II) Initializing extension DRI2
[    23.378] (II) intel(0): switch to mode 1024x600@60.0 on LVDS1 using pipe 1, position (0, 0), rotation normal, reflection none
[    23.384] (II) intel(0): Setting screen physical size to 270 x 158
[    24.278] (II) config/udev: Adding input device Power Button (/dev/input/event3)
[    24.278] (**) Power Button: Applying InputClass "libinput keyboard catchall"
[    24.278] (II) LoadModule: "libinput"
[    24.278] (II) Loading /usr/lib/xorg/modules/input/libinput_drv.so
[    24.333] (II) Module libinput: vendor="X.Org Foundation"
[    24.333] 	compiled for 1.20.8, module version = 0.30.0
[    24.333] 	Module class: X.Org XInput Driver
[    24.333] 	ABI class: X.Org XInput driver, version 24.1
[    24.333] (II) Using input driver 'libinput' for 'Power Button'
[    24.337] (II) systemd-logind: got fd for /dev/input/event3 13:67 fd 15 paused 0
[    24.338] (**) Power Button: always reports core events
[    24.338] (**) Option "Device" "/dev/input/event3"
[    24.338] (**) Option "_source" "server/udev"
[    24.402] (II) event3  - Power Button: is tagged by udev as: Keyboard
[    24.403] (II) event3  - Power Button: device is a keyboard
[    24.403] (II) event3  - Power Button: device removed
[    24.403] (**) Option "config_info" "udev:/sys/devices/LNXSYSTM:00/LNXPWRBN:00/input/input3/event3"
[    24.403] (II) XINPUT: Adding extended input device "Power Button" (type: KEYBOARD, id 6)
[    24.407] (II) event3  - Power Button: is tagged by udev as: Keyboard
[    24.407] (II) event3  - Power Button: device is a keyboard
[    24.410] (II) config/udev: Adding input device Video Bus (/dev/input/event8)
[    24.411] (**) Video Bus: Applying InputClass "libinput keyboard catchall"
[    24.411] (II) Using input driver 'libinput' for 'Video Bus'
[    24.414] (II) systemd-logind: got fd for /dev/input/event8 13:72 fd 18 paused 0
[    24.414] (**) Video Bus: always reports core events
[    24.415] (**) Option "Device" "/dev/input/event8"
[    24.415] (**) Option "_source" "server/udev"
[    24.420] (II) event8  - Video Bus: is tagged by udev as: Keyboard
[    24.420] (II) event8  - Video Bus: device is a keyboard
[    24.421] (II) event8  - Video Bus: device removed
[    24.421] (**) Option "config_info" "udev:/sys/devices/LNXSYSTM:00/LNXSYBUS:00/PNP0A08:00/LNXVIDEO:00/input/input9/event8"
[    24.421] (II) XINPUT: Adding extended input device "Video Bus" (type: KEYBOARD, id 7)
[    24.427] (II) event8  - Video Bus: is tagged by udev as: Keyboard
[    24.427] (II) event8  - Video Bus: device is a keyboard
[    24.430] (II) config/udev: Adding input device Power Button (/dev/input/event2)
[    24.431] (**) Power Button: Applying InputClass "libinput keyboard catchall"
[    24.431] (II) Using input driver 'libinput' for 'Power Button'
[    24.434] (II) systemd-logind: got fd for /dev/input/event2 13:66 fd 19 paused 0
[    24.434] (**) Power Button: always reports core events
[    24.435] (**) Option "Device" "/dev/input/event2"
[    24.435] (**) Option "_source" "server/udev"
[    24.438] (II) event2  - Power Button: is tagged by udev as: Keyboard
[    24.439] (II) event2  - Power Button: device is a keyboard
[    24.439] (II) event2  - Power Button: device removed
[    24.439] (**) Option "config_info" "udev:/sys/devices/LNXSYSTM:00/LNXSYBUS:00/PNP0C0C:00/input/input2/event2"
[    24.439] (II) XINPUT: Adding extended input device "Power Button" (type: KEYBOARD, id 8)
[    24.445] (II) event2  - Power Button: is tagged by udev as: Keyboard
[    24.445] (II) event2  - Power Button: device is a keyboard
[    24.450] (II) config/udev: Adding input device Lid Switch (/dev/input/event0)
[    24.450] (II) No input driver specified, ignoring this device.
[    24.450] (II) This device may have been added with another device file.
[    24.454] (II) config/udev: Adding input device Sleep Button (/dev/input/event1)
[    24.454] (**) Sleep Button: Applying InputClass "libinput keyboard catchall"
[    24.454] (II) Using input driver 'libinput' for 'Sleep Button'
[    24.459] (II) systemd-logind: got fd for /dev/input/event1 13:65 fd 20 paused 0
[    24.459] (**) Sleep Button: always reports core events
[    24.459] (**) Option "Device" "/dev/input/event1"
[    24.459] (**) Option "_source" "server/udev"
[    24.464] (II) event1  - Sleep Button: is tagged by udev as: Keyboard
[    24.464] (II) event1  - Sleep Button: device is a keyboard
[    24.465] (II) event1  - Sleep Button: device removed
[    24.465] (**) Option "config_info" "udev:/sys/devices/LNXSYSTM:00/LNXSYBUS:00/PNP0C0E:00/input/input1/event1"
[    24.465] (II) XINPUT: Adding extended input device "Sleep Button" (type: KEYBOARD, id 9)
[    24.470] (II) event1  - Sleep Button: is tagged by udev as: Keyboard
[    24.470] (II) event1  - Sleep Button: device is a keyboard
[    24.474] (II) config/udev: Adding input device HDA Intel Headphone Mic (/dev/input/event9)
[    24.474] (II) No input driver specified, ignoring this device.
[    24.474] (II) This device may have been added with another device file.
[    24.478] (II) config/udev: Adding input device USB2.0 UVC VGA WebCam: USB2.0 U (/dev/input/event7)
[    24.478] (**) USB2.0 UVC VGA WebCam: USB2.0 U: Applying InputClass "libinput keyboard catchall"
[    24.478] (II) Using input driver 'libinput' for 'USB2.0 UVC VGA WebCam: USB2.0 U'
[    24.482] (II) systemd-logind: got fd for /dev/input/event7 13:71 fd 21 paused 0
[    24.482] (**) USB2.0 UVC VGA WebCam: USB2.0 U: always reports core events
[    24.482] (**) Option "Device" "/dev/input/event7"
[    24.482] (**) Option "_source" "server/udev"
[    24.491] (II) event7  - USB2.0 UVC VGA WebCam: USB2.0 U: is tagged by udev as: Keyboard
[    24.492] (II) event7  - USB2.0 UVC VGA WebCam: USB2.0 U: device is a keyboard
[    24.492] (II) event7  - USB2.0 UVC VGA WebCam: USB2.0 U: device removed
[    24.492] (**) Option "config_info" "udev:/sys/devices/pci0000:00/0000:00:1d.7/usb1/1-6/1-6:1.0/input/input8/event7"
[    24.493] (II) XINPUT: Adding extended input device "USB2.0 UVC VGA WebCam: USB2.0 U" (type: KEYBOARD, id 10)
[    24.500] (II) event7  - USB2.0 UVC VGA WebCam: USB2.0 U: is tagged by udev as: Keyboard
[    24.500] (II) event7  - USB2.0 UVC VGA WebCam: USB2.0 U: device is a keyboard
[    24.504] (II) config/udev: Adding input device AT Translated Set 2 keyboard (/dev/input/event4)
[    24.504] (**) AT Translated Set 2 keyboard: Applying InputClass "libinput keyboard catchall"
[    24.504] (II) Using input driver 'libinput' for 'AT Translated Set 2 keyboard'
[    24.508] (II) systemd-logind: got fd for /dev/input/event4 13:68 fd 22 paused 0
[    24.508] (**) AT Translated Set 2 keyboard: always reports core events
[    24.508] (**) Option "Device" "/dev/input/event4"
[    24.508] (**) Option "_source" "server/udev"
[    24.512] (II) event4  - AT Translated Set 2 keyboard: is tagged by udev as: Keyboard
[    24.513] (II) event4  - AT Translated Set 2 keyboard: device is a keyboard
[    24.516] (II) event4  - AT Translated Set 2 keyboard: device removed
[    24.516] (**) Option "config_info" "udev:/sys/devices/platform/i8042/serio0/input/input4/event4"
[    24.516] (II) XINPUT: Adding extended input device "AT Translated Set 2 keyboard" (type: KEYBOARD, id 11)
[    24.520] (II) event4  - AT Translated Set 2 keyboard: is tagged by udev as: Keyboard
[    24.521] (II) event4  - AT Translated Set 2 keyboard: device is a keyboard
[    24.526] (II) config/udev: Adding input device SynPS/2 Synaptics TouchPad (/dev/input/event6)
[    24.526] (**) SynPS/2 Synaptics TouchPad: Applying InputClass "libinput touchpad catchall"
[    24.526] (II) Using input driver 'libinput' for 'SynPS/2 Synaptics TouchPad'
[    24.530] (II) systemd-logind: got fd for /dev/input/event6 13:70 fd 23 paused 0
[    24.530] (**) SynPS/2 Synaptics TouchPad: always reports core events
[    24.531] (**) Option "Device" "/dev/input/event6"
[    24.531] (**) Option "_source" "server/udev"
[    24.535] (II) event6  - SynPS/2 Synaptics TouchPad: is tagged by udev as: Touchpad
[    24.540] (II) event6  - SynPS/2 Synaptics TouchPad: device is a touchpad
[    24.540] (II) event6  - SynPS/2 Synaptics TouchPad: device removed
[    24.542] (**) Option "config_info" "udev:/sys/devices/platform/i8042/serio1/input/input7/event6"
[    24.542] (II) XINPUT: Adding extended input device "SynPS/2 Synaptics TouchPad" (type: TOUCHPAD, id 12)
[    24.545] (**) Option "AccelerationScheme" "none"
[    24.546] (**) SynPS/2 Synaptics TouchPad: (accel) selected scheme none/0
[    24.546] (**) SynPS/2 Synaptics TouchPad: (accel) acceleration factor: 2.000
[    24.546] (**) SynPS/2 Synaptics TouchPad: (accel) acceleration threshold: 4
[    24.550] (II) event6  - SynPS/2 Synaptics TouchPad: is tagged by udev as: Touchpad
[    24.555] (II) event6  - SynPS/2 Synaptics TouchPad: device is a touchpad
[    24.559] (II) config/udev: Adding input device SynPS/2 Synaptics TouchPad (/dev/input/mouse0)
[    24.559] (II) No input driver specified, ignoring this device.
[    24.559] (II) This device may have been added with another device file.
[    24.561] (II) config/udev: Adding input device PC Speaker (/dev/input/event5)
[    24.561] (II) No input driver specified, ignoring this device.
[    24.561] (II) This device may have been added with another device file.
[    24.868] (II) intel(0): EDID vendor "HSD", prod id 1001
[    24.868] (II) intel(0): DDCModeFromDetailedTiming: 1024x600 Warning: We only handle separate sync.
[    24.868] (II) intel(0): Printing DDC gathered Modelines:
[    24.868] (II) intel(0): Modeline "1024x600"x0.0   45.00  1024 1077 1112 1200  600 604 609 625 -hsync -vsync (37.5 kHz eP)
[    24.868] (II) intel(0): Modeline "1024x600"x0.0   51.42  1024 1117 1152 1240  600 617 622 638 -hsync -vsync (41.5 kHz e)
[   100.143] (II) Axis 0 value 965 is outside expected range [1255, 6024]
See https://wayland.freedesktop.org/libinput/doc/1.17.0/absolute_coordinate_ranges.html for details
